2025/12/11 14:58:49 [emerg] 74#74: io_setup() failed (38: Function not implemented)
2025/12/11 14:59:10 [error] 74#74: *1 open() "/usr/share/nginx/html/admin/static/js/main.802fe511.js" failed (2: No such file or directory), client: 172.17.0.1, server: localhost, request: "GET /admin/static/js/main.802fe511.js HTTP/1.1", host: "localhost:8084", referrer: "http://localhost:8084/"
2025/12/11 14:59:10 [error] 74#74: *2 open() "/usr/share/nginx/html/admin/static/css/main.7f10e99b.css" failed (2: No such file or directory), client: 172.17.0.1, server: localhost, request: "GET /admin/static/css/main.7f10e99b.css HTTP/1.1", host: "localhost:8084", referrer: "http://localhost:8084/"
2025/12/11 14:59:12 [error] 74#74: *2 open() "/usr/share/nginx/html/admin/favicon.ico" failed (2: No such file or directory), client: 172.17.0.1, server: localhost, request: "GET /admin/favicon.ico HTTP/1.1", host: "localhost:8084", referrer: "http://localhost:8084/"
2025/12/11 15:01:08 [error] 74#74: *4 open() "/usr/share/nginx/html/admin/static/css/main.7f10e99b.css" failed (2: No such file or directory), client: 172.17.0.1, server: localhost, request: "GET /admin/static/css/main.7f10e99b.css HTTP/1.1", host: "localhost:8084", referrer: "http://localhost:8084/"
2025/12/11 19:08:56 [emerg] 73#73: io_setup() failed (38: Function not implemented)
2025/12/15 12:33:45 [emerg] 51#51: io_setup() failed (38: Function not implemented)
2025/12/17 11:49:08 [emerg] 51#51: io_setup() failed (38: Function not implemented)
2025/12/21 13:20:37 [emerg] 50#50: io_setup() failed (38: Function not implemented)
2025/12/21 13:20:54 [error] 50#50: *2 open() "/usr/share/nginx/html/favicon.ico" failed (2: No such file or directory), client: 172.17.0.1, server: localhost, request: "GET /favicon.ico HTTP/1.1", host: "localhost:84", referrer: "http://localhost:84/"
2026/01/05 10:35:51 [emerg] 51#51: io_setup() failed (38: Function not implemented)
2026/01/05 11:28:46 [emerg] 51#51: io_setup() failed (38: Function not implemented)
2026/01/06 17:29:02 [emerg] 51#51: io_setup() failed (38: Function not implemented)
2026/01/13 13:25:50 [emerg] 51#51: io_setup() failed (38: Function not implemented)
2026/01/15 15:56:20 [emerg] 51#51: io_setup() failed (38: Function not implemented)
2026/01/16 11:07:24 [emerg] 50#50: io_setup() failed (38: Function not implemented)
2026/01/18 02:19:08 [emerg] 51#51: io_setup() failed (38: Function not implemented)
2026/01/18 16:11:16 [emerg] 51#51: io_setup() failed (38: Function not implemented)
2026/01/19 11:24:18 [emerg] 51#51: io_setup() failed (38: Function not implemented)
2026/01/19 12:17:05 [emerg] 50#50: io_setup() failed (38: Function not implemented)
2026/01/19 14:51:45 [emerg] 51#51: io_setup() failed (38: Function not implemented)
2026/01/20 11:24:30 [emerg] 51#51: io_setup() failed (38: Function not implemented)
2026/01/22 12:30:05 [emerg] 50#50: io_setup() failed (38: Function not implemented)
2026/01/25 23:30:46 [emerg] 50#50: io_setup() failed (38: Function not implemented)
2026/01/26 15:12:22 [emerg] 51#51: io_setup() failed (38: Function not implemented)
2026/01/26 18:38:04 [emerg] 51#51: io_setup() failed (38: Function not implemented)
2026/01/28 11:04:22 [emerg] 51#51: io_setup() failed (38: Function not implemented)
2026/01/28 19:01:40 [emerg] 51#51: io_setup() failed (38: Function not implemented)
2026/01/29 14:37:42 [emerg] 51#51: io_setup() failed (38: Function not implemented)
2026/01/29 19:13:50 [emerg] 50#50: io_setup() failed (38: Function not implemented)
2026/01/31 03:27:59 [emerg] 51#51: io_setup() failed (38: Function not implemented)
